<?xml version="1.0" encoding="UTF-8"?>
<testsuite xmlns:xsi="http://www.w3.org/2001/XMLSchema-instance" xsi:noNamespaceSchemaLocation="https://maven.apache.org/surefire/maven-surefire-plugin/xsd/surefire-test-report-3.0.xsd" version="3.0" name="TestRunner.Run" time="86.958" tests="2" errors="0" skipped="0" failures="0">
  <properties>
[...]
</properties>
  <testcase name="Login to the application with valid username and passowrd DDT testing #1" classname="Loginpage" time="66.379">
    <system-out><![CDATA[
@smoke
Scenario Outline: Login to the application with valid username and passowrd DDT testing # Features/loginDDT.feature:18
07:32:00.512 [main]INFO  stepDefinations.StepDef - ****Open Browser****
  Given user lunch chrome browser                                                       # stepDefinations.StepDef.user_lunch_chrome_browser()
07:32:23.064 [main]INFO  stepDefinations.StepDef - *****Open URL*****
  When user lunch url "https://aguat.indecomm.net/AuditGenius_External_UAT/"            # stepDefinations.StepDef.user_lunch_url(java.lang.String)
07:32:54.993 [main]INFO  stepDefinations.StepDef - *****Validate logo*****
  And validate landing page logo                                                        # stepDefinations.StepDef.validate_landing_page_logo()
07:32:55.055 [main]INFO  stepDefinations.StepDef - *****Click on login Link*****
  And click on login link                                                               # stepDefinations.StepDef.click_on_login_link()
07:32:55.169 [main]INFO  stepDefinations.StepDef - *****Login Page Displayed*****
  Then login page should be displayed                                                   # stepDefinations.StepDef.login_page_should_be_displayed()
07:32:55.186 [main]INFO  stepDefinations.StepDef - *****Enter UserName*****
  When user enter username as "Debabrata"                                               # stepDefinations.StepDef.user_enter_username_as(java.lang.String)
07:32:55.310 [main]INFO  stepDefinations.StepDef - *****Enter Password*****
  And user enter password as "Password16$"                                              # stepDefinations.StepDef.user_enter_password_as(java.lang.String)
07:32:55.385 [main]INFO  stepDefinations.StepDef - *****Clicked on Login Button*****
  And user click on login button                                                        # stepDefinations.StepDef.user_click_on_login_button()
07:33:05.669 [main]INFO  stepDefinations.StepDef - *****Close Browser*****
  And close the browser                                                                 # stepDefinations.StepDef.close_the_browser()
]]></system-out>
    <system-err><![CDATA[Nov 14, 2024 7:32:22 AM org.openqa.selenium.devtools.CdpVersionFinder findNearestMatch
WARNING: Unable to find an exact match for CDP version 130, returning the closest version; found: 129; Please update to a Selenium version that supports CDP version 130
]]></system-err>
  </testcase>
  <testcase name="Login to the application with valid username and passowrd DDT testing #2" classname="Loginpage" time="19.56">
    <system-out><![CDATA[
@smoke
Scenario Outline: Login to the application with valid username and passowrd DDT testing # Features/loginDDT.feature:19
07:33:05.979 [main]INFO  stepDefinations.StepDef - ****Open Browser****
  Given user lunch chrome browser                                                       # stepDefinations.StepDef.user_lunch_chrome_browser()
07:33:12.569 [main]INFO  stepDefinations.StepDef - *****Open URL*****
  When user lunch url "https://aguat.indecomm.net/AuditGenius_External_UAT/"            # stepDefinations.StepDef.user_lunch_url(java.lang.String)
07:33:21.869 [main]INFO  stepDefinations.StepDef - *****Validate logo*****
  And validate landing page logo                                                        # stepDefinations.StepDef.validate_landing_page_logo()
07:33:21.881 [main]INFO  stepDefinations.StepDef - *****Click on login Link*****
  And click on login link                                                               # stepDefinations.StepDef.click_on_login_link()
07:33:21.958 [main]INFO  stepDefinations.StepDef - *****Login Page Displayed*****
  Then login page should be displayed                                                   # stepDefinations.StepDef.login_page_should_be_displayed()
07:33:21.985 [main]INFO  stepDefinations.StepDef - *****Enter UserName*****
  When user enter username as "Debabrata1"                                              # stepDefinations.StepDef.user_enter_username_as(java.lang.String)
07:33:22.101 [main]INFO  stepDefinations.StepDef - *****Enter Password*****
  And user enter password as "Password16$"                                              # stepDefinations.StepDef.user_enter_password_as(java.lang.String)
07:33:22.216 [main]INFO  stepDefinations.StepDef - *****Clicked on Login Button*****
  And user click on login button                                                        # stepDefinations.StepDef.user_click_on_login_button()
07:33:25.351 [main]INFO  stepDefinations.StepDef - *****Close Browser*****
  And close the browser                                                                 # stepDefinations.StepDef.close_the_browser()
]]></system-out>
    <system-err><![CDATA[Nov 14, 2024 7:33:11 AM org.openqa.selenium.devtools.CdpVersionFinder findNearestMatch
WARNING: Unable to find an exact match for CDP version 130, returning the closest version; found: 129; Please update to a Selenium version that supports CDP version 130
]]></system-err>
  </testcase>
</testsuite>